<?xml version="1.0" encoding="UTF-8" standalone="no"?>
<testsuite failures="1" name="cucumber.runtime.formatter.JUnitFormatter" skipped="0" tests="2" time="12.901198">
<testcase classname="Mail Login feature with page factory" name="login test scenario with Page factory concept" time="6.909678">
<system-out><![CDATA[Given User is already on Home page..........................................passed
When User click on login button.............................................passed
Then User enters another "TestWithCucumber" and "test123"...................passed
And User submit on login button.............................................passed
]]></system-out>
</testcase>
<testcase classname="Mail Login feature with page factory" name="login test scenario with Page factory concept 2" time="5.99152">
<failure message="org.openqa.selenium.WebDriverException: java.net.ConnectException: Failed to connect to localhost/0:0:0:0:0:0:0:1:37638&#10;Build info: version: '3.11.0', revision: 'e59cfb3', time: '2018-03-11T20:26:55.152Z'&#10;System info: host: 'Sachins-MacBook-Pro.local', ip: 'fe80:0:0:0:f3:2638:3c25:56d4%en0', os.name: 'Mac OS X', os.arch: 'x86_64', os.version: '10.14.6', java.version: '1.8.0_191'&#10;Driver info: driver.version: RemoteWebDriver&#10;&#9;at org.openqa.selenium.remote.service.DriverCommandExecutor.execute(DriverCommandExecutor.java:92)&#10;&#9;at org.openqa.selenium.remote.RemoteWebDriver.execute(RemoteWebDriver.java:545)&#10;&#9;at org.openqa.selenium.remote.RemoteWebElement.execute(RemoteWebElement.java:279)&#10;&#9;at org.openqa.selenium.remote.RemoteWebElement.click(RemoteWebElement.java:83)&#10;&#9;at Pages.HomePage.goToLoginPage(HomePage.java:21)&#10;&#9;at StepDefination.loginWithPageFactoryConcept.user_click_on_login_button(loginWithPageFactoryConcept.java:44)&#10;&#9;at ✽.When User click on login button(pageFactoryImplement.feature:5)&#10;Caused by: java.net.ConnectException: Failed to connect to localhost/0:0:0:0:0:0:0:1:37638&#10;&#9;at okhttp3.internal.connection.RealConnection.connectSocket(RealConnection.java:240)&#10;&#9;at okhttp3.internal.connection.RealConnection.connect(RealConnection.java:158)&#10;&#9;at okhttp3.internal.connection.StreamAllocation.findConnection(StreamAllocation.java:256)&#10;&#9;at okhttp3.internal.connection.StreamAllocation.findHealthyConnection(StreamAllocation.java:134)&#10;&#9;at okhttp3.internal.connection.StreamAllocation.newStream(StreamAllocation.java:113)&#10;&#9;at okhttp3.internal.connection.ConnectInterceptor.intercept(ConnectInterceptor.java:42)&#10;&#9;at okhttp3.internal.http.RealInterceptorChain.proceed(RealInterceptorChain.java:147)&#10;&#9;at okhttp3.internal.http.RealInterceptorChain.proceed(RealInterceptorChain.java:121)&#10;&#9;at okhttp3.internal.cache.CacheInterceptor.intercept(CacheInterceptor.java:93)&#10;&#9;at okhttp3.internal.http.RealInterceptorChain.proceed(RealInterceptorChain.java:147)&#10;&#9;at okhttp3.internal.http.RealInterceptorChain.proceed(RealInterceptorChain.java:121)&#10;&#9;at okhttp3.internal.http.BridgeInterceptor.intercept(BridgeInterceptor.java:93)&#10;&#9;at okhttp3.internal.http.RealInterceptorChain.proceed(RealInterceptorChain.java:147)&#10;&#9;at okhttp3.internal.http.RetryAndFollowUpInterceptor.intercept(RetryAndFollowUpInterceptor.java:125)&#10;&#9;at okhttp3.internal.http.RealInterceptorChain.proceed(RealInterceptorChain.java:147)&#10;&#9;at okhttp3.internal.http.RealInterceptorChain.proceed(RealInterceptorChain.java:121)&#10;&#9;at okhttp3.RealCall.getResponseWithInterceptorChain(RealCall.java:200)&#10;&#9;at okhttp3.RealCall.execute(RealCall.java:77)&#10;&#9;at org.openqa.selenium.remote.internal.OkHttpClient.execute(OkHttpClient.java:101)&#10;&#9;at org.openqa.selenium.remote.HttpCommandExecutor.execute(HttpCommandExecutor.java:155)&#10;&#9;at org.openqa.selenium.remote.service.DriverCommandExecutor.execute(DriverCommandExecutor.java:83)&#10;&#9;at org.openqa.selenium.remote.RemoteWebDriver.execute(RemoteWebDriver.java:545)&#10;&#9;at org.openqa.selenium.remote.RemoteWebElement.execute(RemoteWebElement.java:279)&#10;&#9;at org.openqa.selenium.remote.RemoteWebElement.click(RemoteWebElement.java:83)&#10;&#9;at Pages.HomePage.goToLoginPage(HomePage.java:21)&#10;&#9;at StepDefination.loginWithPageFactoryConcept.user_click_on_login_button(loginWithPageFactoryConcept.java:44)&#10;&#9;at sun.reflect.NativeMethodAccessorImpl.invoke0(Native Method)&#10;&#9;at sun.reflect.NativeMethodAccessorImpl.invoke(NativeMethodAccessorImpl.java:62)&#10;&#9;at sun.reflect.DelegatingMethodAccessorImpl.invoke(DelegatingMethodAccessorImpl.java:43)&#10;&#9;at java.lang.reflect.Method.invoke(Method.java:498)&#10;&#9;at cucumber.runtime.Utils$1.call(Utils.java:40)&#10;&#9;at cucumber.runtime.Timeout.timeout(Timeout.java:16)&#10;&#9;at cucumber.runtime.Utils.invoke(Utils.java:34)&#10;&#9;at cucumber.runtime.java.JavaStepDefinition.execute(JavaStepDefinition.java:38)&#10;&#9;at cucumber.runtime.StepDefinitionMatch.runStep(StepDefinitionMatch.java:37)&#10;&#9;at cucumber.runtime.Runtime.runStep(Runtime.java:300)&#10;&#9;at cucumber.runtime.model.StepContainer.runStep(StepContainer.java:44)&#10;&#9;at cucumber.runtime.model.StepContainer.runSteps(StepContainer.java:39)&#10;&#9;at cucumber.runtime.model.CucumberScenario.run(CucumberScenario.java:44)&#10;&#9;at cucumber.runtime.model.CucumberScenarioOutline.run(CucumberScenarioOutline.java:46)&#10;&#9;at cucumber.runtime.model.CucumberFeature.run(CucumberFeature.java:165)&#10;&#9;at cucumber.api.testng.TestNGCucumberRunner.runCucumber(TestNGCucumberRunner.java:63)&#10;&#9;at Runner.TestRunnner.feature(TestRunnner.java:31)&#10;&#9;at sun.reflect.NativeMethodAccessorImpl.invoke0(Native Method)&#10;&#9;at sun.reflect.NativeMethodAccessorImpl.invoke(NativeMethodAccessorImpl.java:62)&#10;&#9;at sun.reflect.DelegatingMethodAccessorImpl.invoke(DelegatingMethodAccessorImpl.java:43)&#10;&#9;at java.lang.reflect.Method.invoke(Method.java:498)&#10;&#9;at org.testng.internal.MethodInvocationHelper.invokeMethod(MethodInvocationHelper.java:124)&#10;&#9;at org.testng.internal.Invoker.invokeMethod(Invoker.java:583)&#10;&#9;at org.testng.internal.Invoker.invokeTestMethod(Invoker.java:719)&#10;&#9;at org.testng.internal.Invoker.invokeTestMethods(Invoker.java:989)&#10;&#9;at org.testng.internal.TestMethodWorker.invokeTestMethods(TestMethodWorker.java:125)&#10;&#9;at org.testng.internal.TestMethodWorker.run(TestMethodWorker.java:109)&#10;&#9;at org.testng.TestRunner.privateRun(TestRunner.java:648)&#10;&#9;at org.testng.TestRunner.run(TestRunner.java:505)&#10;&#9;at org.testng.SuiteRunner.runTest(SuiteRunner.java:455)&#10;&#9;at org.testng.SuiteRunner.runSequentially(SuiteRunner.java:450)&#10;&#9;at org.testng.SuiteRunner.privateRun(SuiteRunner.java:415)&#10;&#9;at org.testng.SuiteRunner.run(SuiteRunner.java:364)&#10;&#9;at org.testng.SuiteRunnerWorker.runSuite(SuiteRunnerWorker.java:52)&#10;&#9;at org.testng.SuiteRunnerWorker.run(SuiteRunnerWorker.java:84)&#10;&#9;at org.testng.TestNG.runSuitesSequentially(TestNG.java:1208)&#10;&#9;at org.testng.TestNG.runSuitesLocally(TestNG.java:1137)&#10;&#9;at org.testng.TestNG.runSuites(TestNG.java:1049)&#10;&#9;at org.testng.TestNG.run(TestNG.java:1017)&#10;&#9;at org.apache.maven.surefire.testng.TestNGExecutor.run(TestNGExecutor.java:283)&#10;&#9;at org.apache.maven.surefire.testng.TestNGXmlTestSuite.execute(TestNGXmlTestSuite.java:75)&#10;&#9;at org.apache.maven.surefire.testng.TestNGProvider.invoke(TestNGProvider.java:120)&#10;&#9;at org.apache.maven.surefire.booter.ForkedBooter.invokeProviderInSameClassLoader(ForkedBooter.java:379)&#10;&#9;at org.apache.maven.surefire.booter.ForkedBooter.runSuitesInProcess(ForkedBooter.java:340)&#10;&#9;at org.apache.maven.surefire.booter.ForkedBooter.execute(ForkedBooter.java:125)&#10;&#9;at org.apache.maven.surefire.booter.ForkedBooter.main(ForkedBooter.java:413)&#10;Caused by: java.net.ConnectException: Connection refused (Connection refused)&#10;&#9;at java.net.PlainSocketImpl.socketConnect(Native Method)&#10;&#9;at java.net.AbstractPlainSocketImpl.doConnect(AbstractPlainSocketImpl.java:350)&#10;&#9;at java.net.AbstractPlainSocketImpl.connectToAddress(AbstractPlainSocketImpl.java:206)&#10;&#9;at java.net.AbstractPlainSocketImpl.connect(AbstractPlainSocketImpl.java:188)&#10;&#9;at java.net.SocksSocketImpl.connect(SocksSocketImpl.java:392)&#10;&#9;at java.net.Socket.connect(Socket.java:589)&#10;&#9;at okhttp3.internal.platform.Platform.connectSocket(Platform.java:125)&#10;&#9;at okhttp3.internal.connection.RealConnection.connectSocket(RealConnection.java:238)&#10;&#9;... 71 more&#10;"><![CDATA[Given User is already on Home page..........................................passed
When User click on login button.............................................failed
Then User enters another "Test2" and "test345"..............................skipped
And User submit on login button.............................................skipped

StackTrace:
org.openqa.selenium.WebDriverException: java.net.ConnectException: Failed to connect to localhost/0:0:0:0:0:0:0:1:37638
Build info: version: '3.11.0', revision: 'e59cfb3', time: '2018-03-11T20:26:55.152Z'
System info: host: 'Sachins-MacBook-Pro.local', ip: 'fe80:0:0:0:f3:2638:3c25:56d4%en0', os.name: 'Mac OS X', os.arch: 'x86_64', os.version: '10.14.6', java.version: '1.8.0_191'
Driver info: driver.version: RemoteWebDriver
	at org.openqa.selenium.remote.service.DriverCommandExecutor.execute(DriverCommandExecutor.java:92)
	at org.openqa.selenium.remote.RemoteWebDriver.execute(RemoteWebDriver.java:545)
	at org.openqa.selenium.remote.RemoteWebElement.execute(RemoteWebElement.java:279)
	at org.openqa.selenium.remote.RemoteWebElement.click(RemoteWebElement.java:83)
	at Pages.HomePage.goToLoginPage(HomePage.java:21)
	at StepDefination.loginWithPageFactoryConcept.user_click_on_login_button(loginWithPageFactoryConcept.java:44)
	at ✽.When User click on login button(pageFactoryImplement.feature:5)
Caused by: java.net.ConnectException: Failed to connect to localhost/0:0:0:0:0:0:0:1:37638
	at okhttp3.internal.connection.RealConnection.connectSocket(RealConnection.java:240)
	at okhttp3.internal.connection.RealConnection.connect(RealConnection.java:158)
	at okhttp3.internal.connection.StreamAllocation.findConnection(StreamAllocation.java:256)
	at okhttp3.internal.connection.StreamAllocation.findHealthyConnection(StreamAllocation.java:134)
	at okhttp3.internal.connection.StreamAllocation.newStream(StreamAllocation.java:113)
	at okhttp3.internal.connection.ConnectInterceptor.intercept(ConnectInterceptor.java:42)
	at okhttp3.internal.http.RealInterceptorChain.proceed(RealInterceptorChain.java:147)
	at okhttp3.internal.http.RealInterceptorChain.proceed(RealInterceptorChain.java:121)
	at okhttp3.internal.cache.CacheInterceptor.intercept(CacheInterceptor.java:93)
	at okhttp3.internal.http.RealInterceptorChain.proceed(RealInterceptorChain.java:147)
	at okhttp3.internal.http.RealInterceptorChain.proceed(RealInterceptorChain.java:121)
	at okhttp3.internal.http.BridgeInterceptor.intercept(BridgeInterceptor.java:93)
	at okhttp3.internal.http.RealInterceptorChain.proceed(RealInterceptorChain.java:147)
	at okhttp3.internal.http.RetryAndFollowUpInterceptor.intercept(RetryAndFollowUpInterceptor.java:125)
	at okhttp3.internal.http.RealInterceptorChain.proceed(RealInterceptorChain.java:147)
	at okhttp3.internal.http.RealInterceptorChain.proceed(RealInterceptorChain.java:121)
	at okhttp3.RealCall.getResponseWithInterceptorChain(RealCall.java:200)
	at okhttp3.RealCall.execute(RealCall.java:77)
	at org.openqa.selenium.remote.internal.OkHttpClient.execute(OkHttpClient.java:101)
	at org.openqa.selenium.remote.HttpCommandExecutor.execute(HttpCommandExecutor.java:155)
	at org.openqa.selenium.remote.service.DriverCommandExecutor.execute(DriverCommandExecutor.java:83)
	at org.openqa.selenium.remote.RemoteWebDriver.execute(RemoteWebDriver.java:545)
	at org.openqa.selenium.remote.RemoteWebElement.execute(RemoteWebElement.java:279)
	at org.openqa.selenium.remote.RemoteWebElement.click(RemoteWebElement.java:83)
	at Pages.HomePage.goToLoginPage(HomePage.java:21)
	at StepDefination.loginWithPageFactoryConcept.user_click_on_login_button(loginWithPageFactoryConcept.java:44)
	at sun.reflect.NativeMethodAccessorImpl.invoke0(Native Method)
	at sun.reflect.NativeMethodAccessorImpl.invoke(NativeMethodAccessorImpl.java:62)
	at sun.reflect.DelegatingMethodAccessorImpl.invoke(DelegatingMethodAccessorImpl.java:43)
	at java.lang.reflect.Method.invoke(Method.java:498)
	at cucumber.runtime.Utils$1.call(Utils.java:40)
	at cucumber.runtime.Timeout.timeout(Timeout.java:16)
	at cucumber.runtime.Utils.invoke(Utils.java:34)
	at cucumber.runtime.java.JavaStepDefinition.execute(JavaStepDefinition.java:38)
	at cucumber.runtime.StepDefinitionMatch.runStep(StepDefinitionMatch.java:37)
	at cucumber.runtime.Runtime.runStep(Runtime.java:300)
	at cucumber.runtime.model.StepContainer.runStep(StepContainer.java:44)
	at cucumber.runtime.model.StepContainer.runSteps(StepContainer.java:39)
	at cucumber.runtime.model.CucumberScenario.run(CucumberScenario.java:44)
	at cucumber.runtime.model.CucumberScenarioOutline.run(CucumberScenarioOutline.java:46)
	at cucumber.runtime.model.CucumberFeature.run(CucumberFeature.java:165)
	at cucumber.api.testng.TestNGCucumberRunner.runCucumber(TestNGCucumberRunner.java:63)
	at Runner.TestRunnner.feature(TestRunnner.java:31)
	at sun.reflect.NativeMethodAccessorImpl.invoke0(Native Method)
	at sun.reflect.NativeMethodAccessorImpl.invoke(NativeMethodAccessorImpl.java:62)
	at sun.reflect.DelegatingMethodAccessorImpl.invoke(DelegatingMethodAccessorImpl.java:43)
	at java.lang.reflect.Method.invoke(Method.java:498)
	at org.testng.internal.MethodInvocationHelper.invokeMethod(MethodInvocationHelper.java:124)
	at org.testng.internal.Invoker.invokeMethod(Invoker.java:583)
	at org.testng.internal.Invoker.invokeTestMethod(Invoker.java:719)
	at org.testng.internal.Invoker.invokeTestMethods(Invoker.java:989)
	at org.testng.internal.TestMethodWorker.invokeTestMethods(TestMethodWorker.java:125)
	at org.testng.internal.TestMethodWorker.run(TestMethodWorker.java:109)
	at org.testng.TestRunner.privateRun(TestRunner.java:648)
	at org.testng.TestRunner.run(TestRunner.java:505)
	at org.testng.SuiteRunner.runTest(SuiteRunner.java:455)
	at org.testng.SuiteRunner.runSequentially(SuiteRunner.java:450)
	at org.testng.SuiteRunner.privateRun(SuiteRunner.java:415)
	at org.testng.SuiteRunner.run(SuiteRunner.java:364)
	at org.testng.SuiteRunnerWorker.runSuite(SuiteRunnerWorker.java:52)
	at org.testng.SuiteRunnerWorker.run(SuiteRunnerWorker.java:84)
	at org.testng.TestNG.runSuitesSequentially(TestNG.java:1208)
	at org.testng.TestNG.runSuitesLocally(TestNG.java:1137)
	at org.testng.TestNG.runSuites(TestNG.java:1049)
	at org.testng.TestNG.run(TestNG.java:1017)
	at org.apache.maven.surefire.testng.TestNGExecutor.run(TestNGExecutor.java:283)
	at org.apache.maven.surefire.testng.TestNGXmlTestSuite.execute(TestNGXmlTestSuite.java:75)
	at org.apache.maven.surefire.testng.TestNGProvider.invoke(TestNGProvider.java:120)
	at org.apache.maven.surefire.booter.ForkedBooter.invokeProviderInSameClassLoader(ForkedBooter.java:379)
	at org.apache.maven.surefire.booter.ForkedBooter.runSuitesInProcess(ForkedBooter.java:340)
	at org.apache.maven.surefire.booter.ForkedBooter.execute(ForkedBooter.java:125)
	at org.apache.maven.surefire.booter.ForkedBooter.main(ForkedBooter.java:413)
Caused by: java.net.ConnectException: Connection refused (Connection refused)
	at java.net.PlainSocketImpl.socketConnect(Native Method)
	at java.net.AbstractPlainSocketImpl.doConnect(AbstractPlainSocketImpl.java:350)
	at java.net.AbstractPlainSocketImpl.connectToAddress(AbstractPlainSocketImpl.java:206)
	at java.net.AbstractPlainSocketImpl.connect(AbstractPlainSocketImpl.java:188)
	at java.net.SocksSocketImpl.connect(SocksSocketImpl.java:392)
	at java.net.Socket.connect(Socket.java:589)
	at okhttp3.internal.platform.Platform.connectSocket(Platform.java:125)
	at okhttp3.internal.connection.RealConnection.connectSocket(RealConnection.java:238)
	... 71 more
]]></failure>
</testcase>
</testsuite>
